<?xml version="1.0" encoding="UTF-8"?>
<!-- Generated by org.testng.reporters.JUnitReportReporter -->
<testsuite hostname="DESKTOP-NOVPNQK" failures="0" tests="1" name="come.daiva.testcases.LoginTestWithoutFramework" time="100.590" errors="0" timestamp="12 Mar 2019 16:09:25 GMT" skipped="0">
  <testcase classname="come.daiva.testcases.LoginTestWithoutFramework" name="daivaLoginTest1" time="100.590"/>
</testsuite> <!-- come.daiva.testcases.LoginTestWithoutFramework -->
