<?xml version="1.0" encoding="UTF-8"?>
<!-- Generated by org.testng.reporters.JUnitReportReporter -->
<testsuite hostname="DESKTOP-NOVPNQK" failures="0" tests="2" name="come.daiva.testcases.LoginTestDaiva" time="5.006" errors="0" timestamp="12 Mar 2019 16:43:21 GMT" skipped="0">
  <testcase classname="come.daiva.testcases.LoginTestDaiva" name="loginApp" time="3.972"/>
  <testcase classname="come.daiva.testcases.LoginTestDaiva" name="logOutApp" time="1.034"/>
</testsuite> <!-- come.daiva.testcases.LoginTestDaiva -->
