<?xml version="1.0" encoding="UTF-8"?>
<!-- Generated by org.testng.reporters.JUnitReportReporter -->
<testsuite hostname="DESKTOP-NOVPNQK" failures="0" tests="2" name="come.daiva.testcases.LoginTestDaiva" time="4.090" errors="0" timestamp="13 Mar 2019 08:31:50 GMT" skipped="0">
  <testcase classname="come.daiva.testcases.LoginTestDaiva" name="loginApp" time="2.895"/>
  <testcase classname="come.daiva.testcases.LoginTestDaiva" name="logOutApp" time="1.195"/>
</testsuite> <!-- come.daiva.testcases.LoginTestDaiva -->
